{"timestamp":"2025-03-26T03:20:55.228Z","eventType":"DEPOSIT_CREATED","depositId":"test-deposit-id","data":{"testKey":"testValue"}}
{"timestamp":"2025-03-26T03:20:55.233Z","eventType":"DEPOSIT_CREATED","depositId":"deposit-1","data":{"id":1}}
{"timestamp":"2025-03-26T03:20:55.233Z","eventType":"DEPOSIT_INITIALIZED","depositId":"deposit-2","data":{"id":2}}
{"timestamp":"2025-03-26T03:20:55.233Z","eventType":"DEPOSIT_FINALIZED","depositId":"deposit-3","data":{"id":3}}
{"timestamp":"2025-03-26T03:20:55.235Z","eventType":"DEPOSIT_CREATED","depositId":"0x1c7442eabc3081529dc7f4441e4c7f3e16d5543ecf3a4835d6c3a74bb5e2edaf","data":{"deposit":{"id":"0x1c7442eabc3081529dc7f4441e4c7f3e16d5543ecf3a4835d6c3a74bb5e2edaf","fundingTxHash":"0xaced2ff09c7aad4300c85148818d5f8f9798f0296618929ba210ecacb1d44676","owner":"0xb7b9daf631c33dcf66b49cee61f60ac9a538e4af","l2DepositOwner":"0x2779f4c3b31c4c9fbae5c52e23a0b8936c00ac87","status":"QUEUED","createdAt":1742959255234}}}
{"timestamp":"2025-03-26T03:20:55.235Z","eventType":"DEPOSIT_INITIALIZED","depositId":"0xc2ab0876879158882effc93d3831c5755520b6bb798d8e61b73dcc01e3bbce24","data":{"deposit":{"id":"0xc2ab0876879158882effc93d3831c5755520b6bb798d8e61b73dcc01e3bbce24","fundingTxHash":"0x48b07b232f5d385f2bc04f1769ae6180097b8563b86c5bd8922c680271ce9cfe","owner":"0xca72134df6f81fa00afda382c9c03f8a5d7c4977","l2DepositOwner":"0x6132d93653943227168e34b264f81f28eea556e4","status":"INITIALIZED","initializedAt":null},"txHash":"initialize-tx-hash"}}
{"timestamp":"2025-03-26T03:20:55.236Z","eventType":"DEPOSIT_FINALIZED","depositId":"0x84c20c84e174ba2f630fb9924e8b6e1c280cc7d5108025c058d9ef384f518b7b","data":{"deposit":{"id":"0x84c20c84e174ba2f630fb9924e8b6e1c280cc7d5108025c058d9ef384f518b7b","fundingTxHash":"0x0129b02f262e8b4e7612695be9a7f0ea1802b332322dabf4d640b2938021edcd","owner":"0x442041208113d897b3cb5c110e2d7443af964685","l2DepositOwner":"0x9e3e770fb2f2185f413676a3db54eac7c7c8caf5","status":"FINALIZED","finalizedAt":null},"txHash":"finalize-tx-hash"}}
{"timestamp":"2025-03-26T03:20:55.237Z","eventType":"DEPOSIT_DELETED","depositId":"0xc2a85296f998549cce32577b5c467c3ed385003a7c78120afbd4e8f2d601f8be","data":{"deposit":{"id":"0xc2a85296f998549cce32577b5c467c3ed385003a7c78120afbd4e8f2d601f8be","fundingTxHash":"0xb41ab8adc534187f194a07cb7294df7d009d794500ce54caca91c8a4ed797d13","owner":"0x471ef99e9cc182ce0ba23e69f01e880e1f3748c6","l2DepositOwner":"0x6a66eebe88b87021885249b3d0af9fca310d9c77","status":"QUEUED","createdAt":1742959255237,"initializedAt":null,"finalizedAt":null},"reason":"Test deletion reason"}}
{"timestamp":"2025-03-26T03:20:55.237Z","eventType":"STATUS_CHANGED","depositId":"0x32f837da3b8642d3a9dd585fc9a12084aa02d365bf2a2e05cba7ce7dc8aa1645","data":{"from":"QUEUED","to":"INITIALIZED","deposit":{"id":"0x32f837da3b8642d3a9dd585fc9a12084aa02d365bf2a2e05cba7ce7dc8aa1645","fundingTxHash":"0xc64f5ae5989b4667ceddef1d5d3ea4473c816801cfad67fbcaa01444a39bdc6c","owner":"0xf093e67642407e32dcccc3b75b1ded84bb0cc59b","dates":{"createdAt":1742959255237,"initializationAt":null,"finalizationAt":null,"lastActivityAt":1742959255237}}}}
{"timestamp":"2025-03-26T03:23:25.820Z","eventType":"DEPOSIT_CREATED","depositId":"test-deposit-id","data":{"testKey":"testValue"}}
{"timestamp":"2025-03-26T03:23:25.824Z","eventType":"DEPOSIT_CREATED","depositId":"deposit-1","data":{"id":1}}
{"timestamp":"2025-03-26T03:23:25.824Z","eventType":"DEPOSIT_INITIALIZED","depositId":"deposit-2","data":{"id":2}}
{"timestamp":"2025-03-26T03:23:25.824Z","eventType":"DEPOSIT_FINALIZED","depositId":"deposit-3","data":{"id":3}}
{"timestamp":"2025-03-26T03:23:25.828Z","eventType":"DEPOSIT_CREATED","depositId":"0xb6629e5a5ee4ce92fe0194a1ad960fb2927de4076db4d9bfd1946675616e7940","data":{"deposit":{"id":"0xb6629e5a5ee4ce92fe0194a1ad960fb2927de4076db4d9bfd1946675616e7940","fundingTxHash":"0x5fc1fb45608f2aa21c94d3671edd97d229a025e2930d696e35753a4cde6be6f8","owner":"0x1c7d7fb687dea772c8a69cb7a1c11a8c6beb829d","l2DepositOwner":"0xfdc9d47bf60ea5ebda747da0211e53e4f8d23233","status":"QUEUED","createdAt":1742959405825}}}
{"timestamp":"2025-03-26T03:23:25.828Z","eventType":"DEPOSIT_INITIALIZED","depositId":"0x57f61e727a21d5fd43f9dbab64d2b4c85ec092359941c9e127cee7eb75dd0a4f","data":{"deposit":{"id":"0x57f61e727a21d5fd43f9dbab64d2b4c85ec092359941c9e127cee7eb75dd0a4f","fundingTxHash":"0x22183c98e75186ccded1bcdeaeb859cf32fdcb8f948bb230d27a3f56c331a2d1","owner":"0x606f9b62f6eca85c4f7262d43112b09ea6a094db","l2DepositOwner":"0x60a8509239bc87266b6075054e07621469c6ca37","status":"INITIALIZED","initializedAt":null},"txHash":"initialize-tx-hash"}}
{"timestamp":"2025-03-26T03:23:25.831Z","eventType":"DEPOSIT_FINALIZED","depositId":"0xf60b6e2d590925be2dde94c28eece8a9f2de2ed46b3aec4459df9e8af7ab8be7","data":{"deposit":{"id":"0xf60b6e2d590925be2dde94c28eece8a9f2de2ed46b3aec4459df9e8af7ab8be7","fundingTxHash":"0xa3bad959b68f5964c4310738df9645a6b62f75bedab610cd19fcac524fdf0f84","owner":"0x42d2c0a75f42be09e0bc0c259883c91bb7861c6e","l2DepositOwner":"0x3c3ccbe0b511d78166981618f91f1709678d9323","status":"FINALIZED","finalizedAt":null},"txHash":"finalize-tx-hash"}}
{"timestamp":"2025-03-26T03:23:25.832Z","eventType":"DEPOSIT_DELETED","depositId":"0xf6e84a8e8c297b04e47f1eb745bb7d6a2058996854f2f24330e6103d76bfbad1","data":{"deposit":{"id":"0xf6e84a8e8c297b04e47f1eb745bb7d6a2058996854f2f24330e6103d76bfbad1","fundingTxHash":"0x3c14680236efa1755e4515484302bb34f8966a6c31ca48b656c14c343f88448b","owner":"0xcc9844c366670f24efde9349cb40096ff727b197","l2DepositOwner":"0xd3c44b571d52a6394b56c815aa36e2a6f0c14b47","status":"QUEUED","createdAt":1742959405831,"initializedAt":null,"finalizedAt":null},"reason":"Test deletion reason"}}
{"timestamp":"2025-03-26T03:23:25.833Z","eventType":"STATUS_CHANGED","depositId":"0xb78d878de5eeb3e28d79d00c7ff9724854db10f076fca33f4dd944185a7b0340","data":{"from":"QUEUED","to":"INITIALIZED","deposit":{"id":"0xb78d878de5eeb3e28d79d00c7ff9724854db10f076fca33f4dd944185a7b0340","fundingTxHash":"0xa7a9b47d753abe59d67618649fed0f93f3ea12d5eeb3ecf48a4c98729619e113","owner":"0xf609de20d3377e29f134d0489cff23121b9e2377","dates":{"createdAt":1742959405832,"initializationAt":null,"finalizationAt":null,"lastActivityAt":1742959405832}}}}
{"timestamp":"2025-03-26T03:23:26.356Z","eventType":"API_REQUEST","depositId":"no-deposit-id","data":{"endpoint":"/api/reveal","method":"POST","requestData":{"fundingTxHash":"0x169a6a33aa81f796946b77aca66443cb2a19c6e406250b9e9e72560de0624f10"},"responseStatus":200}}
{"timestamp":"2025-03-26T03:23:26.369Z","eventType":"ERROR","depositId":"0x169a6a33aa81f796946b77aca66443cb2a19c6e406250b9e9e72560de0624f10","data":{"message":"Error handling reveal endpoint","error":"Cannot read properties of undefined (reading 'slice')"}}
{"timestamp":"2025-03-26T03:23:26.369Z","eventType":"API_REQUEST","depositId":"0x169a6a33aa81f796946b77aca66443cb2a19c6e406250b9e9e72560de0624f10","data":{"endpoint":"/api/reveal","method":"POST","requestData":{},"responseStatus":500}}
{"timestamp":"2025-03-26T03:23:26.370Z","eventType":"API_REQUEST","depositId":"no-deposit-id","data":{"endpoint":"/api/reveal","method":"POST","requestData":{"fundingTxHash":"0x4640a22e1222c6a62949c987ebedec246bd6ff34736a8137fac05e78861fee5c"},"responseStatus":200}}
{"timestamp":"2025-03-26T03:23:26.370Z","eventType":"API_REQUEST","depositId":"no-deposit-id","data":{"endpoint":"/api/reveal","method":"POST","requestData":{"fundingTxHash":"0x4640a22e1222c6a62949c987ebedec246bd6ff34736a8137fac05e78861fee5c"},"responseStatus":400}}
{"timestamp":"2025-03-26T03:23:26.371Z","eventType":"API_REQUEST","depositId":"0x368033f54a66aee710c827029714ec101bc054fa23bf7cdc4b0436ff439c4157","data":{"endpoint":"/api/deposit/:depositId","method":"GET","requestData":{},"responseStatus":200}}
{"timestamp":"2025-03-26T03:23:26.371Z","eventType":"API_REQUEST","depositId":"no-deposit-id","data":{"endpoint":"/api/deposit/:depositId","method":"GET","requestData":{},"responseStatus":200}}
{"timestamp":"2025-03-26T03:23:26.371Z","eventType":"API_REQUEST","depositId":"missing-id","data":{"endpoint":"/api/deposit/:depositId","method":"GET","requestData":{},"responseStatus":400}}
{"timestamp":"2025-03-26T03:23:26.618Z","eventType":"API_REQUEST","depositId":"no-deposit-id","data":{"endpoint":"/api/reveal","method":"POST","requestData":{"fundingTxHash":"0x8463fafee8afc1d2d48f13118d124a8a6a6db02d27d257cbb38ea898c26e1127"},"responseStatus":200}}
{"timestamp":"2025-03-26T03:23:26.624Z","eventType":"ERROR","depositId":"0x8463fafee8afc1d2d48f13118d124a8a6a6db02d27d257cbb38ea898c26e1127","data":{"message":"Error handling reveal endpoint","error":"Cannot read properties of undefined (reading 'slice')"}}
{"timestamp":"2025-03-26T03:23:26.624Z","eventType":"API_REQUEST","depositId":"0x8463fafee8afc1d2d48f13118d124a8a6a6db02d27d257cbb38ea898c26e1127","data":{"endpoint":"/api/reveal","method":"POST","requestData":{},"responseStatus":500}}
{"timestamp":"2025-03-26T03:23:26.627Z","eventType":"API_REQUEST","depositId":"no-deposit-id","data":{"endpoint":"/api/reveal","method":"POST","requestData":{"fundingTxHash":"0xeede21bda0c37e53edb3632859ea8309afe85a914bca3518ae886f4b7f268966"},"responseStatus":200}}
{"timestamp":"2025-03-26T03:23:26.627Z","eventType":"API_REQUEST","depositId":"no-deposit-id","data":{"endpoint":"/api/reveal","method":"POST","requestData":{"fundingTxHash":"0xeede21bda0c37e53edb3632859ea8309afe85a914bca3518ae886f4b7f268966"},"responseStatus":400}}
{"timestamp":"2025-03-26T03:23:26.630Z","eventType":"API_REQUEST","depositId":"0x9836d14b3e81c5544d43f620fad021192d688aefcbec8209469857e8cd3b96eb","data":{"endpoint":"/api/deposit/:depositId","method":"GET","requestData":{},"responseStatus":200}}
{"timestamp":"2025-03-26T03:23:26.634Z","eventType":"API_REQUEST","depositId":"no-deposit-id","data":{"endpoint":"/api/reveal","method":"POST","requestData":{"fundingTxHash":"0xf0e9fcb5bc7328f3bf1fe824f50782ab3b9f64dddf00363f644352b4d5ef278a"},"responseStatus":200}}
{"timestamp":"2025-03-26T03:23:26.635Z","eventType":"ERROR","depositId":"0xf0e9fcb5bc7328f3bf1fe824f50782ab3b9f64dddf00363f644352b4d5ef278a","data":{"message":"Error handling reveal endpoint","error":"Cannot read properties of undefined (reading 'slice')"}}
{"timestamp":"2025-03-26T03:23:26.635Z","eventType":"API_REQUEST","depositId":"0xf0e9fcb5bc7328f3bf1fe824f50782ab3b9f64dddf00363f644352b4d5ef278a","data":{"endpoint":"/api/reveal","method":"POST","requestData":{},"responseStatus":500}}
{"timestamp":"2025-03-26T03:25:59.142Z","eventType":"DEPOSIT_CREATED","depositId":"test-deposit-id","data":{"testKey":"testValue"}}
{"timestamp":"2025-03-26T03:25:59.144Z","eventType":"DEPOSIT_CREATED","depositId":"deposit-1","data":{"id":1}}
{"timestamp":"2025-03-26T03:25:59.144Z","eventType":"DEPOSIT_INITIALIZED","depositId":"deposit-2","data":{"id":2}}
{"timestamp":"2025-03-26T03:25:59.144Z","eventType":"DEPOSIT_FINALIZED","depositId":"deposit-3","data":{"id":3}}
{"timestamp":"2025-03-26T03:25:59.145Z","eventType":"DEPOSIT_CREATED","depositId":"0x31fd072205fd667a20d7dbbf16c49299c9d07c6ee0ec5dc26a762ce3e99281f7","data":{"deposit":{"id":"0x31fd072205fd667a20d7dbbf16c49299c9d07c6ee0ec5dc26a762ce3e99281f7","fundingTxHash":"0x801159f479585f78e016f649aa49b78fc5ea361785f88a00999a3335a202c749","owner":"0xa339afbb2250e8a7eee954a995694519b27d13db","l2DepositOwner":"0x1c81ee442ebaa2ad3aaeeccdf538e1f56b1c6072","status":"QUEUED","createdAt":1742959559145}}}
{"timestamp":"2025-03-26T03:25:59.146Z","eventType":"DEPOSIT_INITIALIZED","depositId":"0x39cdb1e1c6e5cdb84cd1856fc1733deab60f93ecf686f30c442fe77432faf56c","data":{"deposit":{"id":"0x39cdb1e1c6e5cdb84cd1856fc1733deab60f93ecf686f30c442fe77432faf56c","fundingTxHash":"0xd2887dfc4aee4311c7afd203742f37e750646369b7c1ddfad5b41cc007240708","owner":"0x3b649b65fbceec1e5064fe85a497bd3efd4270cf","l2DepositOwner":"0xe0ddbac84f79e7b1040b6b828ad37030fbc25cdc","status":"INITIALIZED","initializedAt":null},"txHash":"initialize-tx-hash"}}
{"timestamp":"2025-03-26T03:25:59.147Z","eventType":"DEPOSIT_FINALIZED","depositId":"0xa8a3259e03a8e302f6046f971f1653481f0c8767112f7554bac844e33311197a","data":{"deposit":{"id":"0xa8a3259e03a8e302f6046f971f1653481f0c8767112f7554bac844e33311197a","fundingTxHash":"0x033cd203f50e0fa7a3429980138f8d08175f01a2658d3cd849573ff909903de2","owner":"0x0d94e141008f23f5e752e1eab1a370843cbd29b0","l2DepositOwner":"0x4abc3259ad7a9235346d4c35dfba12dd0a860e0e","status":"FINALIZED","finalizedAt":null},"txHash":"finalize-tx-hash"}}
{"timestamp":"2025-03-26T03:25:59.147Z","eventType":"DEPOSIT_DELETED","depositId":"0x32e392c04af0a1f5bc317fdedc88e2bde3b3f0c11b20c401eebb03c386f53384","data":{"deposit":{"id":"0x32e392c04af0a1f5bc317fdedc88e2bde3b3f0c11b20c401eebb03c386f53384","fundingTxHash":"0x9cde01d73b1fd04accd9e084f3fde01defc427dbeb5f86742212c5a79cd2ef6a","owner":"0x9139a7961147f06ecd78a9c22dd39c075c25285c","l2DepositOwner":"0x58558f654cd621a20bb59837da55265b1bd04144","status":"QUEUED","createdAt":1742959559147,"initializedAt":null,"finalizedAt":null},"reason":"Test deletion reason"}}
{"timestamp":"2025-03-26T03:25:59.148Z","eventType":"STATUS_CHANGED","depositId":"0xf7596b707330511b02bcd96f60ba931c67a7e59df6c54f1b3169c957dac846a0","data":{"from":"QUEUED","to":"INITIALIZED","deposit":{"id":"0xf7596b707330511b02bcd96f60ba931c67a7e59df6c54f1b3169c957dac846a0","fundingTxHash":"0x7966ebb1d58395bc085c921fb390e98d6db61b52160b1dbbde904369cb222d0c","owner":"0xd279a16c354e55d30da3ef3c137e65fda9663547","dates":{"createdAt":1742959559148,"initializationAt":null,"finalizationAt":null,"lastActivityAt":1742959559148}}}}
{"timestamp":"2025-03-26T03:25:59.462Z","eventType":"API_REQUEST","depositId":"no-deposit-id","data":{"endpoint":"/api/reveal","method":"POST","requestData":{"fundingTxHash":"0x5df7686a820cf192a769e14708ae7b4729b05099835d5c285fa3ef3b14d81f0e"},"responseStatus":200}}
{"timestamp":"2025-03-26T03:25:59.481Z","eventType":"ERROR","depositId":"0x5df7686a820cf192a769e14708ae7b4729b05099835d5c285fa3ef3b14d81f0e","data":{"message":"Error handling reveal endpoint","error":"value out of range (argument=\"value\", value={\"type\":\"BigNumber\",\"hex\":\"0x11bae64bf0451ee05e740d578929dfb10b0535c303821393097640f20990625f\"}, code=INVALID_ARGUMENT, version=bytes/5.8.0)"}}
{"timestamp":"2025-03-26T03:25:59.481Z","eventType":"API_REQUEST","depositId":"0x5df7686a820cf192a769e14708ae7b4729b05099835d5c285fa3ef3b14d81f0e","data":{"endpoint":"/api/reveal","method":"POST","requestData":{},"responseStatus":500}}
{"timestamp":"2025-03-26T03:25:59.484Z","eventType":"API_REQUEST","depositId":"no-deposit-id","data":{"endpoint":"/api/reveal","method":"POST","requestData":{"fundingTxHash":"0x272dec284fbceb430ae38671778c4bc1f7c14d92e2c332f1b8f8204272eff2ba"},"responseStatus":200}}
{"timestamp":"2025-03-26T03:25:59.484Z","eventType":"API_REQUEST","depositId":"no-deposit-id","data":{"endpoint":"/api/reveal","method":"POST","requestData":{"fundingTxHash":"0x272dec284fbceb430ae38671778c4bc1f7c14d92e2c332f1b8f8204272eff2ba"},"responseStatus":400}}
{"timestamp":"2025-03-26T03:25:59.487Z","eventType":"API_REQUEST","depositId":"0x20333aef2aec061f7f6333f14674f5458761212cb339667a05b1362247fad301","data":{"endpoint":"/api/deposit/:depositId","method":"GET","requestData":{},"responseStatus":200}}
{"timestamp":"2025-03-26T03:25:59.491Z","eventType":"API_REQUEST","depositId":"no-deposit-id","data":{"endpoint":"/api/reveal","method":"POST","requestData":{"fundingTxHash":"0xb4c2bff6f953c5835bae493d8042546dd5a8f3cf594fcfead21268fb7896f8e6"},"responseStatus":200}}
{"timestamp":"2025-03-26T03:25:59.492Z","eventType":"ERROR","depositId":"0xb4c2bff6f953c5835bae493d8042546dd5a8f3cf594fcfead21268fb7896f8e6","data":{"message":"Error handling reveal endpoint","error":"value out of range (argument=\"value\", value={\"type\":\"BigNumber\",\"hex\":\"0x0cf56b861f71c6f9bd526201a7594f24b3d55c027efda2cb6170f9485dc47a56\"}, code=INVALID_ARGUMENT, version=bytes/5.8.0)"}}
{"timestamp":"2025-03-26T03:25:59.492Z","eventType":"API_REQUEST","depositId":"0xb4c2bff6f953c5835bae493d8042546dd5a8f3cf594fcfead21268fb7896f8e6","data":{"endpoint":"/api/reveal","method":"POST","requestData":{},"responseStatus":500}}
{"timestamp":"2025-03-26T03:25:59.672Z","eventType":"API_REQUEST","depositId":"no-deposit-id","data":{"endpoint":"/api/reveal","method":"POST","requestData":{"fundingTxHash":"0x8d9f41d7b81582d290dfe0f07bd3847f5bdc1dc6b384ee458daacef3d259ba2f"},"responseStatus":200}}
{"timestamp":"2025-03-26T03:25:59.683Z","eventType":"ERROR","depositId":"0x8d9f41d7b81582d290dfe0f07bd3847f5bdc1dc6b384ee458daacef3d259ba2f","data":{"message":"Error handling reveal endpoint","error":"value out of range (argument=\"value\", value={\"type\":\"BigNumber\",\"hex\":\"0x64b179bfb2730d1c8b5a14953ee60a1cf6b980fb925e396707f87ec9d3415f44\"}, code=INVALID_ARGUMENT, version=bytes/5.8.0)"}}
{"timestamp":"2025-03-26T03:25:59.683Z","eventType":"API_REQUEST","depositId":"0x8d9f41d7b81582d290dfe0f07bd3847f5bdc1dc6b384ee458daacef3d259ba2f","data":{"endpoint":"/api/reveal","method":"POST","requestData":{},"responseStatus":500}}
{"timestamp":"2025-03-26T03:25:59.684Z","eventType":"API_REQUEST","depositId":"no-deposit-id","data":{"endpoint":"/api/reveal","method":"POST","requestData":{"fundingTxHash":"0x473d2e3e4764267509af812a5f454a1a1307230e99d96c7e29e53b2da4b093cd"},"responseStatus":200}}
{"timestamp":"2025-03-26T03:25:59.684Z","eventType":"API_REQUEST","depositId":"no-deposit-id","data":{"endpoint":"/api/reveal","method":"POST","requestData":{"fundingTxHash":"0x473d2e3e4764267509af812a5f454a1a1307230e99d96c7e29e53b2da4b093cd"},"responseStatus":400}}
{"timestamp":"2025-03-26T03:25:59.685Z","eventType":"API_REQUEST","depositId":"0x8d074a23b58862160fd5a2c56eff75a07a8158ff72f56f12ec79e6e0c37ee20e","data":{"endpoint":"/api/deposit/:depositId","method":"GET","requestData":{},"responseStatus":200}}
{"timestamp":"2025-03-26T03:25:59.686Z","eventType":"API_REQUEST","depositId":"no-deposit-id","data":{"endpoint":"/api/deposit/:depositId","method":"GET","requestData":{},"responseStatus":200}}
{"timestamp":"2025-03-26T03:25:59.686Z","eventType":"API_REQUEST","depositId":"missing-id","data":{"endpoint":"/api/deposit/:depositId","method":"GET","requestData":{},"responseStatus":400}}
{"timestamp":"2025-03-26T03:28:12.660Z","eventType":"DEPOSIT_CREATED","depositId":"test-deposit-id","data":{"testKey":"testValue"}}
{"timestamp":"2025-03-26T03:28:12.661Z","eventType":"DEPOSIT_CREATED","depositId":"deposit-1","data":{"id":1}}
{"timestamp":"2025-03-26T03:28:12.661Z","eventType":"DEPOSIT_INITIALIZED","depositId":"deposit-2","data":{"id":2}}
{"timestamp":"2025-03-26T03:28:12.661Z","eventType":"DEPOSIT_FINALIZED","depositId":"deposit-3","data":{"id":3}}
{"timestamp":"2025-03-26T03:28:12.663Z","eventType":"DEPOSIT_CREATED","depositId":"0x47e5d4023a1a6e930a076fc609a1da38514ad1437f2973457dc6c70c1bfdc255","data":{"deposit":{"id":"0x47e5d4023a1a6e930a076fc609a1da38514ad1437f2973457dc6c70c1bfdc255","fundingTxHash":"0x38fd4aeaa0fcc9ff13835c9459c0cb37452b74db41e0dd3ef307a78642563389","owner":"0x242942bb28b008f5b32f4d1fa147346d24d73a39","l2DepositOwner":"0x74aaa9ac0d768299b279c6c89d04189a4dbd4ed8","status":"QUEUED","createdAt":1742959692662}}}
{"timestamp":"2025-03-26T03:28:12.663Z","eventType":"DEPOSIT_INITIALIZED","depositId":"0xdf324cce1b167cf2b78f8665f80f00d51a578d07500c5e78bcdc70f15fa53d05","data":{"deposit":{"id":"0xdf324cce1b167cf2b78f8665f80f00d51a578d07500c5e78bcdc70f15fa53d05","fundingTxHash":"0xfac7e25bcd6cdae1c1e85cc4e274fbf6d966903be0a8c92bd1d622801a4073ef","owner":"0xe1e6eb18cb09a522633b8a536b805823097abba7","l2DepositOwner":"0xa9361405fec59a20871533e335342555c89622ec","status":"INITIALIZED","initializedAt":null},"txHash":"initialize-tx-hash"}}
{"timestamp":"2025-03-26T03:28:12.664Z","eventType":"DEPOSIT_FINALIZED","depositId":"0x9f1a61a9985ebcfa6afd1b071b021eec1232a84af7c56bdf70246feedccbb362","data":{"deposit":{"id":"0x9f1a61a9985ebcfa6afd1b071b021eec1232a84af7c56bdf70246feedccbb362","fundingTxHash":"0x0f676517d691e467e94de4ab5144e920dd52d1e15331e880af856e796492de9d","owner":"0x32d4fd496980616c38411b8a285d6179b1eb0f42","l2DepositOwner":"0xbd326d69f99cd84c4430b8a86469d31f5e838aa1","status":"FINALIZED","finalizedAt":null},"txHash":"finalize-tx-hash"}}
{"timestamp":"2025-03-26T03:28:12.665Z","eventType":"DEPOSIT_DELETED","depositId":"0x8eeb98033578edca45d603ff34051c3992d2593d3060e12bbb18a887472350cd","data":{"deposit":{"id":"0x8eeb98033578edca45d603ff34051c3992d2593d3060e12bbb18a887472350cd","fundingTxHash":"0x4a614ca29766d81cab76942e96e271b498bc10f10fb16b08c0fbec26032a6632","owner":"0x35e726a593f65d93847a2858a0cae1fa82722232","l2DepositOwner":"0x6f01f2d103c4a66ad0ea610eb3c9a5aa62f7b28c","status":"QUEUED","createdAt":1742959692664,"initializedAt":null,"finalizedAt":null},"reason":"Test deletion reason"}}
{"timestamp":"2025-03-26T03:28:12.665Z","eventType":"STATUS_CHANGED","depositId":"0xd40daf3cd9d015e33cf90186ae3e0bcb3a5ab3111222936c7de612900bd9a07a","data":{"from":"QUEUED","to":"INITIALIZED","deposit":{"id":"0xd40daf3cd9d015e33cf90186ae3e0bcb3a5ab3111222936c7de612900bd9a07a","fundingTxHash":"0xefb978b9d7984a7a4de4e4626e7bd4f43c6a690f1819e3e471685e201ed4dbdb","owner":"0x6d3c69761fe8fa8b57b0907e783847ab636c7305","dates":{"createdAt":1742959692665,"initializationAt":null,"finalizationAt":null,"lastActivityAt":1742959692665}}}}
{"timestamp":"2025-03-26T03:28:12.964Z","eventType":"API_REQUEST","depositId":"no-deposit-id","data":{"endpoint":"/api/reveal","method":"POST","requestData":{"fundingTxHash":"0x68fdf6299049a359e2ce2a33983a78e951e2776f83825e666e0594830bedd020"},"responseStatus":200}}
{"timestamp":"2025-03-26T03:28:12.982Z","eventType":"ERROR","depositId":"0x68fdf6299049a359e2ce2a33983a78e951e2776f83825e666e0594830bedd020","data":{"message":"Error handling reveal endpoint","error":"overflow [ See: https://links.ethers.org/v5-errors-NUMERIC_FAULT-overflow ] (fault=\"overflow\", operation=\"BigNumber.from\", value=4.862299077311759e+76, code=NUMERIC_FAULT, version=bignumber/5.8.0)"}}
{"timestamp":"2025-03-26T03:28:12.982Z","eventType":"API_REQUEST","depositId":"0x68fdf6299049a359e2ce2a33983a78e951e2776f83825e666e0594830bedd020","data":{"endpoint":"/api/reveal","method":"POST","requestData":{},"responseStatus":500}}
{"timestamp":"2025-03-26T03:28:12.986Z","eventType":"API_REQUEST","depositId":"no-deposit-id","data":{"endpoint":"/api/reveal","method":"POST","requestData":{"fundingTxHash":"0xd7d85b44416ddd08f43adf59895180d9849ec54d6215c2bfaf98cbbcb0cfbe02"},"responseStatus":200}}
{"timestamp":"2025-03-26T03:28:12.986Z","eventType":"API_REQUEST","depositId":"no-deposit-id","data":{"endpoint":"/api/reveal","method":"POST","requestData":{"fundingTxHash":"0xd7d85b44416ddd08f43adf59895180d9849ec54d6215c2bfaf98cbbcb0cfbe02"},"responseStatus":400}}
{"timestamp":"2025-03-26T03:28:12.988Z","eventType":"API_REQUEST","depositId":"0x4a31ff5be67944e412354745fb5c7a790c591ba443e8b5ecf1d072b706c66545","data":{"endpoint":"/api/deposit/:depositId","method":"GET","requestData":{},"responseStatus":200}}
{"timestamp":"2025-03-26T03:28:12.992Z","eventType":"API_REQUEST","depositId":"no-deposit-id","data":{"endpoint":"/api/reveal","method":"POST","requestData":{"fundingTxHash":"0x3a76513d19bec90465921a9b1082d6e6b84e6f2988a89695523cfa536890687c"},"responseStatus":200}}
{"timestamp":"2025-03-26T03:28:12.993Z","eventType":"ERROR","depositId":"0x3a76513d19bec90465921a9b1082d6e6b84e6f2988a89695523cfa536890687c","data":{"message":"Error handling reveal endpoint","error":"overflow [ See: https://links.ethers.org/v5-errors-NUMERIC_FAULT-overflow ] (fault=\"overflow\", operation=\"BigNumber.from\", value=2.097018662244269e+76, code=NUMERIC_FAULT, version=bignumber/5.8.0)"}}
{"timestamp":"2025-03-26T03:28:12.993Z","eventType":"API_REQUEST","depositId":"0x3a76513d19bec90465921a9b1082d6e6b84e6f2988a89695523cfa536890687c","data":{"endpoint":"/api/reveal","method":"POST","requestData":{},"responseStatus":500}}
{"timestamp":"2025-03-26T03:28:13.174Z","eventType":"API_REQUEST","depositId":"no-deposit-id","data":{"endpoint":"/api/reveal","method":"POST","requestData":{"fundingTxHash":"0xd4ccbd756fe16e229bb50aa9b9c97df732bf9b8c0d71e678ed51e3ca8b2d7f01"},"responseStatus":200}}
{"timestamp":"2025-03-26T03:28:13.183Z","eventType":"ERROR","depositId":"0xd4ccbd756fe16e229bb50aa9b9c97df732bf9b8c0d71e678ed51e3ca8b2d7f01","data":{"message":"Error handling reveal endpoint","error":"overflow [ See: https://links.ethers.org/v5-errors-NUMERIC_FAULT-overflow ] (fault=\"overflow\", operation=\"BigNumber.from\", value=1.0249682193902371e+77, code=NUMERIC_FAULT, version=bignumber/5.8.0)"}}
{"timestamp":"2025-03-26T03:28:13.183Z","eventType":"API_REQUEST","depositId":"0xd4ccbd756fe16e229bb50aa9b9c97df732bf9b8c0d71e678ed51e3ca8b2d7f01","data":{"endpoint":"/api/reveal","method":"POST","requestData":{},"responseStatus":500}}
{"timestamp":"2025-03-26T03:28:13.185Z","eventType":"API_REQUEST","depositId":"no-deposit-id","data":{"endpoint":"/api/reveal","method":"POST","requestData":{"fundingTxHash":"0x5e4679dee876c6a3b515caf674f3d72ee7a1b598862895e1be0f9b324ee4e048"},"responseStatus":200}}
{"timestamp":"2025-03-26T03:28:13.185Z","eventType":"API_REQUEST","depositId":"no-deposit-id","data":{"endpoint":"/api/reveal","method":"POST","requestData":{"fundingTxHash":"0x5e4679dee876c6a3b515caf674f3d72ee7a1b598862895e1be0f9b324ee4e048"},"responseStatus":400}}
{"timestamp":"2025-03-26T03:28:13.185Z","eventType":"API_REQUEST","depositId":"0xf0898306db82ca62cb1a836f8aa47bab88b816ecedf902863fe795bd7602ad46","data":{"endpoint":"/api/deposit/:depositId","method":"GET","requestData":{},"responseStatus":200}}
{"timestamp":"2025-03-26T03:28:13.186Z","eventType":"API_REQUEST","depositId":"no-deposit-id","data":{"endpoint":"/api/deposit/:depositId","method":"GET","requestData":{},"responseStatus":200}}
{"timestamp":"2025-03-26T03:28:13.186Z","eventType":"API_REQUEST","depositId":"missing-id","data":{"endpoint":"/api/deposit/:depositId","method":"GET","requestData":{},"responseStatus":400}}
{"timestamp":"2025-03-26T03:33:29.819Z","eventType":"DEPOSIT_CREATED","depositId":"test-deposit-id","data":{"testKey":"testValue"}}
{"timestamp":"2025-03-26T03:33:29.821Z","eventType":"DEPOSIT_CREATED","depositId":"deposit-1","data":{"id":1}}
{"timestamp":"2025-03-26T03:33:29.821Z","eventType":"DEPOSIT_INITIALIZED","depositId":"deposit-2","data":{"id":2}}
{"timestamp":"2025-03-26T03:33:29.821Z","eventType":"DEPOSIT_FINALIZED","depositId":"deposit-3","data":{"id":3}}
{"timestamp":"2025-03-26T03:33:29.822Z","eventType":"DEPOSIT_CREATED","depositId":"0x0c61b3179af99fc8c046a04cba9ab4ed132a519083925859a8885f39b93e6333","data":{"deposit":{"id":"0x0c61b3179af99fc8c046a04cba9ab4ed132a519083925859a8885f39b93e6333","fundingTxHash":"0xd64c05491c1551a9424b8fa2c5ae6f4a6db1eb1587b09032bee4e042b2ccdcc6","owner":"0x2114adf419db10e747e515aab317b5bcd77f8b70","l2DepositOwner":"0xda36f5e83eeb9bae7d3cbcb0f62af4e12853f94c","status":"QUEUED","createdAt":1742960009821}}}
{"timestamp":"2025-03-26T03:33:29.822Z","eventType":"DEPOSIT_INITIALIZED","depositId":"0x405cd5354e27f5e00686be7fb54dbf03e617cea68ea51d2f0197e023eacec0a1","data":{"deposit":{"id":"0x405cd5354e27f5e00686be7fb54dbf03e617cea68ea51d2f0197e023eacec0a1","fundingTxHash":"0xbddc04576d033ea19af3e13cc4a6c842bc6425c56b6ccca0cb9a4da2076388cf","owner":"0x1cbad400b18f268de01d490f9af240b4be5c0f74","l2DepositOwner":"0x849f8b7524886fc21765dd1c887d1bcadb8cf466","status":"INITIALIZED","initializedAt":null},"txHash":"initialize-tx-hash"}}
{"timestamp":"2025-03-26T03:33:29.823Z","eventType":"DEPOSIT_FINALIZED","depositId":"0x91b41163781a82719ccbeaea6e35c19fd5670e2e5ba87174674af3493556f524","data":{"deposit":{"id":"0x91b41163781a82719ccbeaea6e35c19fd5670e2e5ba87174674af3493556f524","fundingTxHash":"0xa7bd210ff5220779a5157db79acbbf98dff594824477670cc18830da1fca72ba","owner":"0x46f648338a8199dd86099bbf515fabf617afcfaf","l2DepositOwner":"0x4daca514bdb492ab38674c81d7564fcf22ab8ed6","status":"FINALIZED","finalizedAt":null},"txHash":"finalize-tx-hash"}}
{"timestamp":"2025-03-26T03:33:29.824Z","eventType":"DEPOSIT_DELETED","depositId":"0xd59a6ef7a21e14e0ea1cac3ebf2343bb04bbcebb6a04e52f5966a52f0eede28b","data":{"deposit":{"id":"0xd59a6ef7a21e14e0ea1cac3ebf2343bb04bbcebb6a04e52f5966a52f0eede28b","fundingTxHash":"0x738abb9d397c05360db513bbe6c2ffa88356b3eeb62a045b83c63ab14d39dd99","owner":"0xdf18637ee1e74d87e184fd22f955cf0ee68e1255","l2DepositOwner":"0xa630d00c954f61ca0bfb74393932436aa978a416","status":"QUEUED","createdAt":1742960009824,"initializedAt":null,"finalizedAt":null},"reason":"Test deletion reason"}}
{"timestamp":"2025-03-26T03:33:29.826Z","eventType":"STATUS_CHANGED","depositId":"0xe7a56f353a6cce86e668dc57331327a842044367894c8e4a78abf7df5937b908","data":{"from":"QUEUED","to":"INITIALIZED","deposit":{"id":"0xe7a56f353a6cce86e668dc57331327a842044367894c8e4a78abf7df5937b908","fundingTxHash":"0x300e13c45a390975b49dbf3032a8c0ad3859bdb83dd3f39d77cf2b3c3c63ec72","owner":"0xd6326cf52381af001d858420ed2dc308a9ec3dea","dates":{"createdAt":1742960009826,"initializationAt":null,"finalizationAt":null,"lastActivityAt":1742960009826}}}}
{"timestamp":"2025-03-26T03:33:30.124Z","eventType":"API_REQUEST","depositId":"no-deposit-id","data":{"endpoint":"/api/reveal","method":"POST","requestData":{"fundingTxHash":"0x1a930ac1b499517e8be7b1d9d9c3cd2e996139952b657e3453cb521e12ae8a98"},"responseStatus":200}}
{"timestamp":"2025-03-26T03:33:30.140Z","eventType":"ERROR","depositId":"0x1a930ac1b499517e8be7b1d9d9c3cd2e996139952b657e3453cb521e12ae8a98","data":{"message":"Error handling reveal endpoint","error":"Cannot read properties of undefined (reading 'slice')"}}
{"timestamp":"2025-03-26T03:33:30.141Z","eventType":"API_REQUEST","depositId":"0x1a930ac1b499517e8be7b1d9d9c3cd2e996139952b657e3453cb521e12ae8a98","data":{"endpoint":"/api/reveal","method":"POST","requestData":{},"responseStatus":500}}
{"timestamp":"2025-03-26T03:33:30.144Z","eventType":"API_REQUEST","depositId":"no-deposit-id","data":{"endpoint":"/api/reveal","method":"POST","requestData":{"fundingTxHash":"0x8bca9f5ca9135fb9c504080e8f76be0f1f6144477b63c6406a621cf6ee169537"},"responseStatus":200}}
{"timestamp":"2025-03-26T03:33:30.144Z","eventType":"API_REQUEST","depositId":"no-deposit-id","data":{"endpoint":"/api/reveal","method":"POST","requestData":{"fundingTxHash":"0x8bca9f5ca9135fb9c504080e8f76be0f1f6144477b63c6406a621cf6ee169537"},"responseStatus":400}}
{"timestamp":"2025-03-26T03:33:30.146Z","eventType":"API_REQUEST","depositId":"0x38b53688d4cc765d7bf0360f52a69e166806bb6012033d7791a81051488154f7","data":{"endpoint":"/api/deposit/:depositId","method":"GET","requestData":{},"responseStatus":200}}
{"timestamp":"2025-03-26T03:33:30.150Z","eventType":"API_REQUEST","depositId":"no-deposit-id","data":{"endpoint":"/api/reveal","method":"POST","requestData":{"fundingTxHash":"0x455e875d9060835e3866e97a4856283e723355d4139106365b95470a15a0ed64"},"responseStatus":200}}
{"timestamp":"2025-03-26T03:33:30.152Z","eventType":"ERROR","depositId":"0x455e875d9060835e3866e97a4856283e723355d4139106365b95470a15a0ed64","data":{"message":"Error handling reveal endpoint","error":"Cannot read properties of undefined (reading 'slice')"}}
{"timestamp":"2025-03-26T03:33:30.152Z","eventType":"API_REQUEST","depositId":"0x455e875d9060835e3866e97a4856283e723355d4139106365b95470a15a0ed64","data":{"endpoint":"/api/reveal","method":"POST","requestData":{},"responseStatus":500}}
{"timestamp":"2025-03-26T03:33:30.331Z","eventType":"API_REQUEST","depositId":"no-deposit-id","data":{"endpoint":"/api/reveal","method":"POST","requestData":{"fundingTxHash":"0x618de06cde335b73654cdf9949b17c9d57ea9ba9bb29a7a39f6676e82293e876"},"responseStatus":200}}
{"timestamp":"2025-03-26T03:33:30.336Z","eventType":"ERROR","depositId":"0x618de06cde335b73654cdf9949b17c9d57ea9ba9bb29a7a39f6676e82293e876","data":{"message":"Error handling reveal endpoint","error":"Cannot read properties of undefined (reading 'slice')"}}
{"timestamp":"2025-03-26T03:33:30.336Z","eventType":"API_REQUEST","depositId":"0x618de06cde335b73654cdf9949b17c9d57ea9ba9bb29a7a39f6676e82293e876","data":{"endpoint":"/api/reveal","method":"POST","requestData":{},"responseStatus":500}}
{"timestamp":"2025-03-26T03:33:30.338Z","eventType":"API_REQUEST","depositId":"no-deposit-id","data":{"endpoint":"/api/reveal","method":"POST","requestData":{"fundingTxHash":"0x130a6be2a98595860ff34dbefd3f2b026b03aa777f6fa7c3e2bd918a68650177"},"responseStatus":200}}
{"timestamp":"2025-03-26T03:33:30.338Z","eventType":"API_REQUEST","depositId":"no-deposit-id","data":{"endpoint":"/api/reveal","method":"POST","requestData":{"fundingTxHash":"0x130a6be2a98595860ff34dbefd3f2b026b03aa777f6fa7c3e2bd918a68650177"},"responseStatus":400}}
{"timestamp":"2025-03-26T03:33:30.338Z","eventType":"API_REQUEST","depositId":"0xdc6fe0b08d36aacaa1363723f1a82231580fc9c98f92b13abb551250f6a271dd","data":{"endpoint":"/api/deposit/:depositId","method":"GET","requestData":{},"responseStatus":200}}
{"timestamp":"2025-03-26T03:33:30.339Z","eventType":"API_REQUEST","depositId":"no-deposit-id","data":{"endpoint":"/api/deposit/:depositId","method":"GET","requestData":{},"responseStatus":200}}
{"timestamp":"2025-03-26T03:33:30.339Z","eventType":"API_REQUEST","depositId":"missing-id","data":{"endpoint":"/api/deposit/:depositId","method":"GET","requestData":{},"responseStatus":400}}
